# JRE version: Java(TM) SE Runtime Environment (8.0_25-b18) (build 1.8.0_25-b18)
# Java VM: Java HotSpot(TM) 64-Bit Server VM (25.25-b02 mixed mode windows-amd64 compressed oops)
Heap:
 PSYoungGen      total 349696K, used 36287K [0x00000000e0000000, 0x0000000100000000, 0x0000000100000000)
  eden space 175104K, 0% used [0x00000000e0000000,0x00000000e0000000,0x00000000eab00000)
  from space 174592K, 20% used [0x00000000f5580000,0x00000000f78efe80,0x0000000100000000)
  to   space 174592K, 0% used [0x00000000eab00000,0x00000000eab00000,0x00000000f5580000)
 ParOldGen       total 579584K, used 575731K [0x00000000a0000000, 0x00000000c3600000, 0x00000000e0000000)
  object space 579584K, 99% used [0x00000000a0000000,0x00000000c323cc80,0x00000000c3600000)
 Metaspace       used 76460K, capacity 78572K, committed 78592K, reserved 1118208K
  class space    used 10052K, capacity 10493K, committed 10496K, reserved 1048576K
GC Heap History (10 events):
Event: 1135.328 GC heap after
Heap after GC invocations=156 (full 16):
 PSYoungGen      total 349696K, used 24014K [0x00000000e0000000, 0x0000000100000000, 0x0000000100000000)
  eden space 175104K, 0% used [0x00000000e0000000,0x00000000e0000000,0x00000000eab00000)
  from space 174592K, 13% used [0x00000000f5580000,0x00000000f6cf3968,0x0000000100000000)
  to   space 174592K, 0% used [0x00000000eab00000,0x00000000eab00000,0x00000000f5580000)
 ParOldGen       total 579584K, used 463048K [0x00000000a0000000, 0x00000000c3600000, 0x00000000e0000000)
  object space 579584K, 79% used [0x00000000a0000000,0x00000000bc432138,0x00000000c3600000)
 Metaspace       used 76460K, capacity 78572K, committed 78592K, reserved 1118208K
  class space    used 10052K, capacity 10493K, committed 10496K, reserved 1048576K
}
Event: 1135.587 GC heap before
{Heap before GC invocations=157 (full 16):
 PSYoungGen      total 349696K, used 199118K [0x00000000e0000000, 0x0000000100000000, 0x0000000100000000)
  eden space 175104K, 100% used [0x00000000e0000000,0x00000000eab00000,0x00000000eab00000)
  from space 174592K, 13% used [0x00000000f5580000,0x00000000f6cf3968,0x0000000100000000)
  to   space 174592K, 0% used [0x00000000eab00000,0x00000000eab00000,0x00000000f5580000)
 ParOldGen       total 579584K, used 463048K [0x00000000a0000000, 0x00000000c3600000, 0x00000000e0000000)
  object space 579584K, 79% used [0x00000000a0000000,0x00000000bc432138,0x00000000c3600000)
 Metaspace       used 76460K, capacity 78572K, committed 78592K, reserved 1118208K
  class space    used 10052K, capacity 10493K, committed 10496K, reserved 1048576K
Event: 1135.625 GC heap after
Heap after GC invocations=157 (full 16):
 PSYoungGen      total 349696K, used 15272K [0x00000000e0000000, 0x0000000100000000, 0x0000000100000000)
  eden space 175104K, 0% used [0x00000000e0000000,0x00000000e0000000,0x00000000eab00000)
  from space 174592K, 8% used [0x00000000eab00000,0x00000000eb9ea318,0x00000000f5580000)
  to   space 174592K, 0% used [0x00000000f5580000,0x00000000f5580000,0x0000000100000000)
 ParOldGen       total 579584K, used 486795K [0x00000000a0000000, 0x00000000c3600000, 0x00000000e0000000)
  object space 579584K, 83% used [0x00000000a0000000,0x00000000bdb62f78,0x00000000c3600000)
 Metaspace       used 76460K, capacity 78572K, committed 78592K, reserved 1118208K
  class space    used 10052K, capacity 10493K, committed 10496K, reserved 1048576K
}
Event: 1135.765 GC heap before
{Heap before GC invocations=158 (full 16):
 PSYoungGen      total 349696K, used 190376K [0x00000000e0000000, 0x0000000100000000, 0x0000000100000000)
  eden space 175104K, 100% used [0x00000000e0000000,0x00000000eab00000,0x00000000eab00000)
  from space 174592K, 8% used [0x00000000eab00000,0x00000000eb9ea318,0x00000000f5580000)
  to   space 174592K, 0% used [0x00000000f5580000,0x00000000f5580000,0x0000000100000000)
 ParOldGen       total 579584K, used 486795K [0x00000000a0000000, 0x00000000c3600000, 0x00000000e0000000)
  object space 579584K, 83% used [0x00000000a0000000,0x00000000bdb62f78,0x00000000c3600000)
 Metaspace       used 76460K, capacity 78572K, committed 78592K, reserved 1118208K
  class space    used 10052K, capacity 10493K, committed 10496K, reserved 1048576K
Event: 1135.807 GC heap after
Heap after GC invocations=158 (full 16):
 PSYoungGen      total 349696K, used 26832K [0x00000000e0000000, 0x0000000100000000, 0x0000000100000000)
  eden space 175104K, 0% used [0x00000000e0000000,0x00000000e0000000,0x00000000eab00000)
  from space 174592K, 15% used [0x00000000f5580000,0x00000000f6fb43f0,0x0000000100000000)
  to   space 174592K, 0% used [0x00000000eab00000,0x00000000eab00000,0x00000000f5580000)
 ParOldGen       total 579584K, used 501834K [0x00000000a0000000, 0x00000000c3600000, 0x00000000e0000000)
  object space 579584K, 86% used [0x00000000a0000000,0x00000000bea12a88,0x00000000c3600000)
 Metaspace       used 76460K, capacity 78572K, committed 78592K, reserved 1118208K
  class space    used 10052K, capacity 10493K, committed 10496K, reserved 1048576K
}
Event: 1136.002 GC heap before
{Heap before GC invocations=159 (full 16):
 PSYoungGen      total 349696K, used 201936K [0x00000000e0000000, 0x0000000100000000, 0x0000000100000000)
  eden space 175104K, 100% used [0x00000000e0000000,0x00000000eab00000,0x00000000eab00000)
  from space 174592K, 15% used [0x00000000f5580000,0x00000000f6fb43f0,0x0000000100000000)
  to   space 174592K, 0% used [0x00000000eab00000,0x00000000eab00000,0x00000000f5580000)
 ParOldGen       total 579584K, used 501834K [0x00000000a0000000, 0x00000000c3600000, 0x00000000e0000000)
  object space 579584K, 86% used [0x00000000a0000000,0x00000000bea12a88,0x00000000c3600000)
 Metaspace       used 76460K, capacity 78572K, committed 78592K, reserved 1118208K
  class space    used 10052K, capacity 10493K, committed 10496K, reserved 1048576K
Event: 1136.062 GC heap after
Heap after GC invocations=159 (full 16):
 PSYoungGen      total 349696K, used 52823K [0x00000000e0000000, 0x0000000100000000, 0x0000000100000000)
  eden space 175104K, 0% used [0x00000000e0000000,0x00000000e0000000,0x00000000eab00000)
  from space 174592K, 30% used [0x00000000eab00000,0x00000000ede95f08,0x00000000f5580000)
  to   space 174592K, 0% used [0x00000000f5580000,0x00000000f5580000,0x0000000100000000)
 ParOldGen       total 579584K, used 527922K [0x00000000a0000000, 0x00000000c3600000, 0x00000000e0000000)
  object space 579584K, 91% used [0x00000000a0000000,0x00000000c038cb58,0x00000000c3600000)
 Metaspace       used 76460K, capacity 78572K, committed 78592K, reserved 1118208K
  class space    used 10052K, capacity 10493K, committed 10496K, reserved 1048576K
}
Event: 1136.287 GC heap before
{Heap before GC invocations=160 (full 16):
 PSYoungGen      total 349696K, used 227927K [0x00000000e0000000, 0x0000000100000000, 0x0000000100000000)
  eden space 175104K, 100% used [0x00000000e0000000,0x00000000eab00000,0x00000000eab00000)
  from space 174592K, 30% used [0x00000000eab00000,0x00000000ede95f08,0x00000000f5580000)
  to   space 174592K, 0% used [0x00000000f5580000,0x00000000f5580000,0x0000000100000000)
 ParOldGen       total 579584K, used 527922K [0x00000000a0000000, 0x00000000c3600000, 0x00000000e0000000)
  object space 579584K, 91% used [0x00000000a0000000,0x00000000c038cb58,0x00000000c3600000)
 Metaspace       used 76460K, capacity 78572K, committed 78592K, reserved 1118208K
  class space    used 10052K, capacity 10493K, committed 10496K, reserved 1048576K
Event: 1136.344 GC heap after
Heap after GC invocations=160 (full 16):
 PSYoungGen      total 349696K, used 36287K [0x00000000e0000000, 0x0000000100000000, 0x0000000100000000)
  eden space 175104K, 0% used [0x00000000e0000000,0x00000000e0000000,0x00000000eab00000)
  from space 174592K, 20% used [0x00000000f5580000,0x00000000f78efe80,0x0000000100000000)
  to   space 174592K, 0% used [0x00000000eab00000,0x00000000eab00000,0x00000000f5580000)
 ParOldGen       total 579584K, used 575731K [0x00000000a0000000, 0x00000000c3600000, 0x00000000e0000000)
  object space 579584K, 99% used [0x00000000a0000000,0x00000000c323cc80,0x00000000c3600000)
 Metaspace       used 76460K, capacity 78572K, committed 78592K, reserved 1118208K
  class space    used 10052K, capacity 10493K, committed 10496K, reserved 1048576K
}
Event: 1136.344 GC heap before
{Heap before GC invocations=161 (full 17):
 PSYoungGen      total 349696K, used 36287K [0x00000000e0000000, 0x0000000100000000, 0x0000000100000000)
  eden space 175104K, 0% used [0x00000000e0000000,0x00000000e0000000,0x00000000eab00000)
  from space 174592K, 20% used [0x00000000f5580000,0x00000000f78efe80,0x0000000100000000)
  to   space 174592K, 0% used [0x00000000eab00000,0x00000000eab00000,0x00000000f5580000)
 ParOldGen       total 579584K, used 575731K [0x00000000a0000000, 0x00000000c3600000, 0x00000000e0000000)
  object space 579584K, 99% used [0x00000000a0000000,0x00000000c323cc80,0x00000000c3600000)
 Metaspace       used 76460K, capacity 78572K, committed 78592K, reserved 1118208K
  class space    used 10052K, capacity 10493K, committed 10496K, reserved 1048576K

