# JRE version: Java(TM) SE Runtime Environment (8.0_25-b18) (build 1.8.0_25-b18)
# Java VM: Java HotSpot(TM) 64-Bit Server VM (25.25-b02 mixed mode windows-amd64 compressed oops)
Heap:
 PSYoungGen      total 220160K, used 44938K [0x00000000e0000000, 0x00000000ff300000, 0x0000000100000000)
  eden space 175104K, 0% used [0x00000000e0000000,0x00000000e0000000,0x00000000eab00000)
  from space 45056K, 99% used [0x00000000eab00000,0x00000000ed6e2940,0x00000000ed700000)
  to   space 167936K, 0% used [0x00000000f4f00000,0x00000000f4f00000,0x00000000ff300000)
 ParOldGen       total 1048576K, used 985282K [0x00000000a0000000, 0x00000000e0000000, 0x00000000e0000000)
  object space 1048576K, 93% used [0x00000000a0000000,0x00000000dc230a60,0x00000000e0000000)
 Metaspace       used 94511K, capacity 98584K, committed 99072K, reserved 1134592K
  class space    used 13274K, capacity 13873K, committed 14080K, reserved 1048576K
GC Heap History (10 events):
Event: 5845.197 GC heap after
Heap after GC invocations=806 (full 45):
 PSYoungGen      total 349696K, used 37825K [0x00000000e0000000, 0x0000000100000000, 0x0000000100000000)
  eden space 175104K, 0% used [0x00000000e0000000,0x00000000e0000000,0x00000000eab00000)
  from space 174592K, 21% used [0x00000000eab00000,0x00000000ecff0428,0x00000000f5580000)
  to   space 174592K, 0% used [0x00000000f5580000,0x00000000f5580000,0x0000000100000000)
 ParOldGen       total 1048576K, used 896381K [0x00000000a0000000, 0x00000000e0000000, 0x00000000e0000000)
  object space 1048576K, 85% used [0x00000000a0000000,0x00000000d6b5f6a8,0x00000000e0000000)
 Metaspace       used 94511K, capacity 98584K, committed 99072K, reserved 1134592K
  class space    used 13274K, capacity 13873K, committed 14080K, reserved 1048576K
}
Event: 5845.260 GC heap before
{Heap before GC invocations=807 (full 45):
 PSYoungGen      total 349696K, used 105360K [0x00000000e0000000, 0x0000000100000000, 0x0000000100000000)
  eden space 175104K, 38% used [0x00000000e0000000,0x00000000e41f3e58,0x00000000eab00000)
  from space 174592K, 21% used [0x00000000eab00000,0x00000000ecff0428,0x00000000f5580000)
  to   space 174592K, 0% used [0x00000000f5580000,0x00000000f5580000,0x0000000100000000)
 ParOldGen       total 1048576K, used 896381K [0x00000000a0000000, 0x00000000e0000000, 0x00000000e0000000)
  object space 1048576K, 85% used [0x00000000a0000000,0x00000000d6b5f6a8,0x00000000e0000000)
 Metaspace       used 94511K, capacity 98584K, committed 99072K, reserved 1134592K
  class space    used 13274K, capacity 13873K, committed 14080K, reserved 1048576K
Event: 5845.307 GC heap after
Heap after GC invocations=807 (full 45):
 PSYoungGen      total 349696K, used 22862K [0x00000000e0000000, 0x0000000100000000, 0x0000000100000000)
  eden space 175104K, 0% used [0x00000000e0000000,0x00000000e0000000,0x00000000eab00000)
  from space 174592K, 13% used [0x00000000f5580000,0x00000000f6bd3ae0,0x0000000100000000)
  to   space 174592K, 0% used [0x00000000eab00000,0x00000000eab00000,0x00000000f5580000)
 ParOldGen       total 1048576K, used 931110K [0x00000000a0000000, 0x00000000e0000000, 0x00000000e0000000)
  object space 1048576K, 88% used [0x00000000a0000000,0x00000000d8d49b50,0x00000000e0000000)
 Metaspace       used 94511K, capacity 98584K, committed 99072K, reserved 1134592K
  class space    used 13274K, capacity 13873K, committed 14080K, reserved 1048576K
}
Event: 5845.519 GC heap before
{Heap before GC invocations=808 (full 45):
 PSYoungGen      total 349696K, used 197966K [0x00000000e0000000, 0x0000000100000000, 0x0000000100000000)
  eden space 175104K, 100% used [0x00000000e0000000,0x00000000eab00000,0x00000000eab00000)
  from space 174592K, 13% used [0x00000000f5580000,0x00000000f6bd3ae0,0x0000000100000000)
  to   space 174592K, 0% used [0x00000000eab00000,0x00000000eab00000,0x00000000f5580000)
 ParOldGen       total 1048576K, used 931110K [0x00000000a0000000, 0x00000000e0000000, 0x00000000e0000000)
  object space 1048576K, 88% used [0x00000000a0000000,0x00000000d8d49b50,0x00000000e0000000)
 Metaspace       used 94511K, capacity 98584K, committed 99072K, reserved 1134592K
  class space    used 13274K, capacity 13873K, committed 14080K, reserved 1048576K
Event: 5845.558 GC heap after
Heap after GC invocations=808 (full 45):
 PSYoungGen      total 349696K, used 37734K [0x00000000e0000000, 0x0000000100000000, 0x0000000100000000)
  eden space 175104K, 0% used [0x00000000e0000000,0x00000000e0000000,0x00000000eab00000)
  from space 174592K, 21% used [0x00000000eab00000,0x00000000ecfd99e0,0x00000000f5580000)
  to   space 174592K, 0% used [0x00000000f5580000,0x00000000f5580000,0x0000000100000000)
 ParOldGen       total 1048576K, used 939471K [0x00000000a0000000, 0x00000000e0000000, 0x00000000e0000000)
  object space 1048576K, 89% used [0x00000000a0000000,0x00000000d9573ec8,0x00000000e0000000)
 Metaspace       used 94511K, capacity 98584K, committed 99072K, reserved 1134592K
  class space    used 13274K, capacity 13873K, committed 14080K, reserved 1048576K
}
Event: 5845.743 GC heap before
{Heap before GC invocations=809 (full 45):
 PSYoungGen      total 349696K, used 212838K [0x00000000e0000000, 0x0000000100000000, 0x0000000100000000)
  eden space 175104K, 100% used [0x00000000e0000000,0x00000000eab00000,0x00000000eab00000)
  from space 174592K, 21% used [0x00000000eab00000,0x00000000ecfd99e0,0x00000000f5580000)
  to   space 174592K, 0% used [0x00000000f5580000,0x00000000f5580000,0x0000000100000000)
 ParOldGen       total 1048576K, used 939471K [0x00000000a0000000, 0x00000000e0000000, 0x00000000e0000000)
  object space 1048576K, 89% used [0x00000000a0000000,0x00000000d9573ec8,0x00000000e0000000)
 Metaspace       used 94511K, capacity 98584K, committed 99072K, reserved 1134592K
  class space    used 13274K, capacity 13873K, committed 14080K, reserved 1048576K
Event: 5845.794 GC heap after
Heap after GC invocations=809 (full 45):
 PSYoungGen      total 349696K, used 45315K [0x00000000e0000000, 0x0000000100000000, 0x0000000100000000)
  eden space 175104K, 0% used [0x00000000e0000000,0x00000000e0000000,0x00000000eab00000)
  from space 174592K, 25% used [0x00000000f5580000,0x00000000f81c0d28,0x0000000100000000)
  to   space 174592K, 0% used [0x00000000eab00000,0x00000000eab00000,0x00000000f5580000)
 ParOldGen       total 1048576K, used 966823K [0x00000000a0000000, 0x00000000e0000000, 0x00000000e0000000)
  object space 1048576K, 92% used [0x00000000a0000000,0x00000000db029df8,0x00000000e0000000)
 Metaspace       used 94511K, capacity 98584K, committed 99072K, reserved 1134592K
  class space    used 13274K, capacity 13873K, committed 14080K, reserved 1048576K
}
Event: 5845.960 GC heap before
{Heap before GC invocations=810 (full 45):
 PSYoungGen      total 349696K, used 220419K [0x00000000e0000000, 0x0000000100000000, 0x0000000100000000)
  eden space 175104K, 100% used [0x00000000e0000000,0x00000000eab00000,0x00000000eab00000)
  from space 174592K, 25% used [0x00000000f5580000,0x00000000f81c0d28,0x0000000100000000)
  to   space 174592K, 0% used [0x00000000eab00000,0x00000000eab00000,0x00000000f5580000)
 ParOldGen       total 1048576K, used 966823K [0x00000000a0000000, 0x00000000e0000000, 0x00000000e0000000)
  object space 1048576K, 92% used [0x00000000a0000000,0x00000000db029df8,0x00000000e0000000)
 Metaspace       used 94511K, capacity 98584K, committed 99072K, reserved 1134592K
  class space    used 13274K, capacity 13873K, committed 14080K, reserved 1048576K
Event: 5846.015 GC heap after
Heap after GC invocations=810 (full 45):
 PSYoungGen      total 220160K, used 44938K [0x00000000e0000000, 0x00000000ff300000, 0x0000000100000000)
  eden space 175104K, 0% used [0x00000000e0000000,0x00000000e0000000,0x00000000eab00000)
  from space 45056K, 99% used [0x00000000eab00000,0x00000000ed6e2940,0x00000000ed700000)
  to   space 167936K, 0% used [0x00000000f4f00000,0x00000000f4f00000,0x00000000ff300000)
 ParOldGen       total 1048576K, used 985282K [0x00000000a0000000, 0x00000000e0000000, 0x00000000e0000000)
  object space 1048576K, 93% used [0x00000000a0000000,0x00000000dc230a60,0x00000000e0000000)
 Metaspace       used 94511K, capacity 98584K, committed 99072K, reserved 1134592K
  class space    used 13274K, capacity 13873K, committed 14080K, reserved 1048576K
}
Event: 5846.015 GC heap before
{Heap before GC invocations=811 (full 46):
 PSYoungGen      total 220160K, used 44938K [0x00000000e0000000, 0x00000000ff300000, 0x0000000100000000)
  eden space 175104K, 0% used [0x00000000e0000000,0x00000000e0000000,0x00000000eab00000)
  from space 45056K, 99% used [0x00000000eab00000,0x00000000ed6e2940,0x00000000ed700000)
  to   space 167936K, 0% used [0x00000000f4f00000,0x00000000f4f00000,0x00000000ff300000)
 ParOldGen       total 1048576K, used 985282K [0x00000000a0000000, 0x00000000e0000000, 0x00000000e0000000)
  object space 1048576K, 93% used [0x00000000a0000000,0x00000000dc230a60,0x00000000e0000000)
 Metaspace       used 94511K, capacity 98584K, committed 99072K, reserved 1134592K
  class space    used 13274K, capacity 13873K, committed 14080K, reserved 1048576K

