# JRE version: Java(TM) SE Runtime Environment (8.0_25-b18) (build 1.8.0_25-b18)
# Java VM: Java HotSpot(TM) 64-Bit Server VM (25.25-b02 mixed mode windows-amd64 compressed oops)
Heap:
 PSYoungGen      total 317952K, used 142818K [0x00000000e0000000, 0x0000000100000000, 0x0000000100000000)
  eden space 175104K, 0% used [0x00000000e0000000,0x00000000e0000000,0x00000000eab00000)
  from space 142848K, 99% used [0x00000000f7480000,0x00000000ffff8900,0x0000000100000000)
  to   space 174592K, 0% used [0x00000000eab00000,0x00000000eab00000,0x00000000f5580000)
 ParOldGen       total 834560K, used 749646K [0x00000000a0000000, 0x00000000d2f00000, 0x00000000e0000000)
  object space 834560K, 89% used [0x00000000a0000000,0x00000000cdc13960,0x00000000d2f00000)
 Metaspace       used 67278K, capacity 69120K, committed 72576K, reserved 1112064K
  class space    used 8680K, capacity 8963K, committed 9600K, reserved 1048576K
GC Heap History (10 events):
Event: 1337.952 GC heap after
Heap after GC invocations=50 (full 9):
 PSYoungGen      total 383488K, used 16193K [0x00000000e0000000, 0x00000000ffe00000, 0x0000000100000000)
  eden space 246784K, 0% used [0x00000000e0000000,0x00000000e0000000,0x00000000ef100000)
  from space 136704K, 11% used [0x00000000f7880000,0x00000000f88505c8,0x00000000ffe00000)
  to   space 137728K, 0% used [0x00000000ef100000,0x00000000ef100000,0x00000000f7780000)
 ParOldGen       total 834560K, used 615375K [0x00000000a0000000, 0x00000000d2f00000, 0x00000000e0000000)
  object space 834560K, 73% used [0x00000000a0000000,0x00000000c58f3c38,0x00000000d2f00000)
 Metaspace       used 67276K, capacity 69120K, committed 72576K, reserved 1112064K
  class space    used 8680K, capacity 8963K, committed 9600K, reserved 1048576K
}
Event: 1338.294 GC heap before
{Heap before GC invocations=51 (full 9):
 PSYoungGen      total 383488K, used 262977K [0x00000000e0000000, 0x00000000ffe00000, 0x0000000100000000)
  eden space 246784K, 100% used [0x00000000e0000000,0x00000000ef100000,0x00000000ef100000)
  from space 136704K, 11% used [0x00000000f7880000,0x00000000f88505c8,0x00000000ffe00000)
  to   space 137728K, 0% used [0x00000000ef100000,0x00000000ef100000,0x00000000f7780000)
 ParOldGen       total 834560K, used 615375K [0x00000000a0000000, 0x00000000d2f00000, 0x00000000e0000000)
  object space 834560K, 73% used [0x00000000a0000000,0x00000000c58f3c38,0x00000000d2f00000)
 Metaspace       used 67276K, capacity 69120K, committed 72576K, reserved 1112064K
  class space    used 8680K, capacity 8963K, committed 9600K, reserved 1048576K
Event: 1338.487 GC heap after
Heap after GC invocations=51 (full 9):
 PSYoungGen      total 295936K, used 48737K [0x00000000e0000000, 0x00000000ff500000, 0x0000000100000000)
  eden space 246784K, 0% used [0x00000000e0000000,0x00000000e0000000,0x00000000ef100000)
  from space 49152K, 99% used [0x00000000ef100000,0x00000000f2098460,0x00000000f2100000)
  to   space 131584K, 0% used [0x00000000f7480000,0x00000000f7480000,0x00000000ff500000)
 ParOldGen       total 834560K, used 618156K [0x00000000a0000000, 0x00000000d2f00000, 0x00000000e0000000)
  object space 834560K, 74% used [0x00000000a0000000,0x00000000c5bab158,0x00000000d2f00000)
 Metaspace       used 67276K, capacity 69120K, committed 72576K, reserved 1112064K
  class space    used 8680K, capacity 8963K, committed 9600K, reserved 1048576K
}
Event: 1338.699 GC heap before
{Heap before GC invocations=52 (full 9):
 PSYoungGen      total 295936K, used 295521K [0x00000000e0000000, 0x00000000ff500000, 0x0000000100000000)
  eden space 246784K, 100% used [0x00000000e0000000,0x00000000ef100000,0x00000000ef100000)
  from space 49152K, 99% used [0x00000000ef100000,0x00000000f2098460,0x00000000f2100000)
  to   space 131584K, 0% used [0x00000000f7480000,0x00000000f7480000,0x00000000ff500000)
 ParOldGen       total 834560K, used 618156K [0x00000000a0000000, 0x00000000d2f00000, 0x00000000e0000000)
  object space 834560K, 74% used [0x00000000a0000000,0x00000000c5bab158,0x00000000d2f00000)
 Metaspace       used 67278K, capacity 69120K, committed 72576K, reserved 1112064K
  class space    used 8680K, capacity 8963K, committed 9600K, reserved 1048576K
Event: 1338.775 GC heap after
Heap after GC invocations=52 (full 9):
 PSYoungGen      total 378368K, used 86431K [0x00000000e0000000, 0x0000000100000000, 0x0000000100000000)
  eden space 246784K, 0% used [0x00000000e0000000,0x00000000e0000000,0x00000000ef100000)
  from space 131584K, 65% used [0x00000000f7480000,0x00000000fc8e7c30,0x00000000ff500000)
  to   space 134656K, 0% used [0x00000000ef100000,0x00000000ef100000,0x00000000f7480000)
 ParOldGen       total 834560K, used 618156K [0x00000000a0000000, 0x00000000d2f00000, 0x00000000e0000000)
  object space 834560K, 74% used [0x00000000a0000000,0x00000000c5bab158,0x00000000d2f00000)
 Metaspace       used 67278K, capacity 69120K, committed 72576K, reserved 1112064K
  class space    used 8680K, capacity 8963K, committed 9600K, reserved 1048576K
}
Event: 1339.043 GC heap before
{Heap before GC invocations=53 (full 9):
 PSYoungGen      total 378368K, used 333215K [0x00000000e0000000, 0x0000000100000000, 0x0000000100000000)
  eden space 246784K, 100% used [0x00000000e0000000,0x00000000ef100000,0x00000000ef100000)
  from space 131584K, 65% used [0x00000000f7480000,0x00000000fc8e7c30,0x00000000ff500000)
  to   space 134656K, 0% used [0x00000000ef100000,0x00000000ef100000,0x00000000f7480000)
 ParOldGen       total 834560K, used 618156K [0x00000000a0000000, 0x00000000d2f00000, 0x00000000e0000000)
  object space 834560K, 74% used [0x00000000a0000000,0x00000000c5bab158,0x00000000d2f00000)
 Metaspace       used 67278K, capacity 69120K, committed 72576K, reserved 1112064K
  class space    used 8680K, capacity 8963K, committed 9600K, reserved 1048576K
Event: 1339.158 GC heap after
Heap after GC invocations=53 (full 9):
 PSYoungGen      total 381440K, used 134645K [0x00000000e0000000, 0x0000000100000000, 0x0000000100000000)
  eden space 246784K, 0% used [0x00000000e0000000,0x00000000e0000000,0x00000000ef100000)
  from space 134656K, 99% used [0x00000000ef100000,0x00000000f747d720,0x00000000f7480000)
  to   space 142848K, 0% used [0x00000000f7480000,0x00000000f7480000,0x0000000100000000)
 ParOldGen       total 834560K, used 618791K [0x00000000a0000000, 0x00000000d2f00000, 0x00000000e0000000)
  object space 834560K, 74% used [0x00000000a0000000,0x00000000c5c49f00,0x00000000d2f00000)
 Metaspace       used 67278K, capacity 69120K, committed 72576K, reserved 1112064K
  class space    used 8680K, capacity 8963K, committed 9600K, reserved 1048576K
}
Event: 1339.640 GC heap before
{Heap before GC invocations=54 (full 9):
 PSYoungGen      total 381440K, used 381429K [0x00000000e0000000, 0x0000000100000000, 0x0000000100000000)
  eden space 246784K, 100% used [0x00000000e0000000,0x00000000ef100000,0x00000000ef100000)
  from space 134656K, 99% used [0x00000000ef100000,0x00000000f747d720,0x00000000f7480000)
  to   space 142848K, 0% used [0x00000000f7480000,0x00000000f7480000,0x0000000100000000)
 ParOldGen       total 834560K, used 618791K [0x00000000a0000000, 0x00000000d2f00000, 0x00000000e0000000)
  object space 834560K, 74% used [0x00000000a0000000,0x00000000c5c49f00,0x00000000d2f00000)
 Metaspace       used 67278K, capacity 69120K, committed 72576K, reserved 1112064K
  class space    used 8680K, capacity 8963K, committed 9600K, reserved 1048576K
Event: 1339.832 GC heap after
Heap after GC invocations=54 (full 9):
 PSYoungGen      total 317952K, used 142818K [0x00000000e0000000, 0x0000000100000000, 0x0000000100000000)
  eden space 175104K, 0% used [0x00000000e0000000,0x00000000e0000000,0x00000000eab00000)
  from space 142848K, 99% used [0x00000000f7480000,0x00000000ffff8900,0x0000000100000000)
  to   space 174592K, 0% used [0x00000000eab00000,0x00000000eab00000,0x00000000f5580000)
 ParOldGen       total 834560K, used 749646K [0x00000000a0000000, 0x00000000d2f00000, 0x00000000e0000000)
  object space 834560K, 89% used [0x00000000a0000000,0x00000000cdc13960,0x00000000d2f00000)
 Metaspace       used 67278K, capacity 69120K, committed 72576K, reserved 1112064K
  class space    used 8680K, capacity 8963K, committed 9600K, reserved 1048576K
}
Event: 1339.832 GC heap before
{Heap before GC invocations=55 (full 10):
 PSYoungGen      total 317952K, used 142818K [0x00000000e0000000, 0x0000000100000000, 0x0000000100000000)
  eden space 175104K, 0% used [0x00000000e0000000,0x00000000e0000000,0x00000000eab00000)
  from space 142848K, 99% used [0x00000000f7480000,0x00000000ffff8900,0x0000000100000000)
  to   space 174592K, 0% used [0x00000000eab00000,0x00000000eab00000,0x00000000f5580000)
 ParOldGen       total 834560K, used 749646K [0x00000000a0000000, 0x00000000d2f00000, 0x00000000e0000000)
  object space 834560K, 89% used [0x00000000a0000000,0x00000000cdc13960,0x00000000d2f00000)
 Metaspace       used 67278K, capacity 69120K, committed 72576K, reserved 1112064K
  class space    used 8680K, capacity 8963K, committed 9600K, reserved 1048576K

