# JRE version: Java(TM) SE Runtime Environment (8.0_25-b18) (build 1.8.0_25-b18)
# Java VM: Java HotSpot(TM) 64-Bit Server VM (25.25-b02 mixed mode windows-amd64 compressed oops)
Heap:
 PSYoungGen      total 339968K, used 317483K [0x00000000e0000000, 0x0000000100000000, 0x0000000100000000)
  eden space 175104K, 100% used [0x00000000e0000000,0x00000000eab00000,0x00000000eab00000)
  from space 164864K, 86% used [0x00000000f5f00000,0x00000000fea0ac50,0x0000000100000000)
  to   space 174592K, 30% used [0x00000000eab00000,0x00000000edee3238,0x00000000f5580000)
 ParOldGen       total 796672K, used 705190K [0x00000000a0000000, 0x00000000d0a00000, 0x00000000e0000000)
  object space 796672K, 88% used [0x00000000a0000000,0x00000000cb0a9828,0x00000000d0a00000)
 Metaspace       used 64992K, capacity 68141K, committed 68352K, reserved 1107968K
  class space    used 8487K, capacity 9090K, committed 9216K, reserved 1048576K
GC Heap History (10 events):
Event: 84.646 GC heap after
Heap after GC invocations=85 (full 13):
 PSYoungGen      total 350720K, used 82007K [0x00000000e0000000, 0x00000000ff680000, 0x0000000100000000)
  eden space 182784K, 0% used [0x00000000e0000000,0x00000000e0000000,0x00000000eb280000)
  from space 167936K, 48% used [0x00000000f5280000,0x00000000fa295ff0,0x00000000ff680000)
  to   space 163840K, 0% used [0x00000000eb280000,0x00000000eb280000,0x00000000f5280000)
 ParOldGen       total 796672K, used 679519K [0x00000000a0000000, 0x00000000d0a00000, 0x00000000e0000000)
  object space 796672K, 85% used [0x00000000a0000000,0x00000000c9797c30,0x00000000d0a00000)
 Metaspace       used 64261K, capacity 66973K, committed 67200K, reserved 1107968K
  class space    used 8405K, capacity 8976K, committed 9088K, reserved 1048576K
}
Event: 341.203 GC heap before
{Heap before GC invocations=86 (full 13):
 PSYoungGen      total 350720K, used 264791K [0x00000000e0000000, 0x00000000ff680000, 0x0000000100000000)
  eden space 182784K, 100% used [0x00000000e0000000,0x00000000eb280000,0x00000000eb280000)
  from space 167936K, 48% used [0x00000000f5280000,0x00000000fa295ff0,0x00000000ff680000)
  to   space 163840K, 0% used [0x00000000eb280000,0x00000000eb280000,0x00000000f5280000)
 ParOldGen       total 796672K, used 679519K [0x00000000a0000000, 0x00000000d0a00000, 0x00000000e0000000)
  object space 796672K, 85% used [0x00000000a0000000,0x00000000c9797c30,0x00000000d0a00000)
 Metaspace       used 64714K, capacity 67481K, committed 67712K, reserved 1107968K
  class space    used 8450K, capacity 9022K, committed 9088K, reserved 1048576K
Event: 341.313 GC heap after
Heap after GC invocations=86 (full 13):
 PSYoungGen      total 346624K, used 93503K [0x00000000e0000000, 0x00000000ff700000, 0x0000000100000000)
  eden space 182784K, 0% used [0x00000000e0000000,0x00000000e0000000,0x00000000eb280000)
  from space 163840K, 57% used [0x00000000eb280000,0x00000000f0dcfcd8,0x00000000f5280000)
  to   space 161280K, 0% used [0x00000000f5980000,0x00000000f5980000,0x00000000ff700000)
 ParOldGen       total 796672K, used 679527K [0x00000000a0000000, 0x00000000d0a00000, 0x00000000e0000000)
  object space 796672K, 85% used [0x00000000a0000000,0x00000000c9799c30,0x00000000d0a00000)
 Metaspace       used 64714K, capacity 67481K, committed 67712K, reserved 1107968K
  class space    used 8450K, capacity 9022K, committed 9088K, reserved 1048576K
}
Event: 342.946 GC heap before
{Heap before GC invocations=87 (full 13):
 PSYoungGen      total 346624K, used 276287K [0x00000000e0000000, 0x00000000ff700000, 0x0000000100000000)
  eden space 182784K, 100% used [0x00000000e0000000,0x00000000eb280000,0x00000000eb280000)
  from space 163840K, 57% used [0x00000000eb280000,0x00000000f0dcfcd8,0x00000000f5280000)
  to   space 161280K, 0% used [0x00000000f5980000,0x00000000f5980000,0x00000000ff700000)
 ParOldGen       total 796672K, used 679527K [0x00000000a0000000, 0x00000000d0a00000, 0x00000000e0000000)
  object space 796672K, 85% used [0x00000000a0000000,0x00000000c9799c30,0x00000000d0a00000)
 Metaspace       used 64992K, capacity 68141K, committed 68352K, reserved 1107968K
  class space    used 8487K, capacity 9090K, committed 9216K, reserved 1048576K
Event: 343.080 GC heap after
Heap after GC invocations=87 (full 13):
 PSYoungGen      total 351744K, used 99426K [0x00000000e0000000, 0x00000000ff580000, 0x0000000100000000)
  eden space 192000K, 0% used [0x00000000e0000000,0x00000000e0000000,0x00000000ebb80000)
  from space 159744K, 62% used [0x00000000f5980000,0x00000000fba98800,0x00000000ff580000)
  to   space 160768K, 0% used [0x00000000ebb80000,0x00000000ebb80000,0x00000000f5880000)
 ParOldGen       total 796672K, used 679535K [0x00000000a0000000, 0x00000000d0a00000, 0x00000000e0000000)
  object space 796672K, 85% used [0x00000000a0000000,0x00000000c979bc30,0x00000000d0a00000)
 Metaspace       used 64992K, capacity 68141K, committed 68352K, reserved 1107968K
  class space    used 8487K, capacity 9090K, committed 9216K, reserved 1048576K
}
Event: 343.219 GC heap before
{Heap before GC invocations=88 (full 13):
 PSYoungGen      total 351744K, used 291426K [0x00000000e0000000, 0x00000000ff580000, 0x0000000100000000)
  eden space 192000K, 100% used [0x00000000e0000000,0x00000000ebb80000,0x00000000ebb80000)
  from space 159744K, 62% used [0x00000000f5980000,0x00000000fba98800,0x00000000ff580000)
  to   space 160768K, 0% used [0x00000000ebb80000,0x00000000ebb80000,0x00000000f5880000)
 ParOldGen       total 796672K, used 679535K [0x00000000a0000000, 0x00000000d0a00000, 0x00000000e0000000)
  object space 796672K, 85% used [0x00000000a0000000,0x00000000c979bc30,0x00000000d0a00000)
 Metaspace       used 64992K, capacity 68141K, committed 68352K, reserved 1107968K
  class space    used 8487K, capacity 9090K, committed 9216K, reserved 1048576K
Event: 343.328 GC heap after
Heap after GC invocations=88 (full 13):
 PSYoungGen      total 352768K, used 114038K [0x00000000e0000000, 0x0000000100000000, 0x0000000100000000)
  eden space 192000K, 0% used [0x00000000e0000000,0x00000000e0000000,0x00000000ebb80000)
  from space 160768K, 70% used [0x00000000ebb80000,0x00000000f2addbb0,0x00000000f5880000)
  to   space 164864K, 0% used [0x00000000f5f00000,0x00000000f5f00000,0x0000000100000000)
 ParOldGen       total 796672K, used 679535K [0x00000000a0000000, 0x00000000d0a00000, 0x00000000e0000000)
  object space 796672K, 85% used [0x00000000a0000000,0x00000000c979bc30,0x00000000d0a00000)
 Metaspace       used 64992K, capacity 68141K, committed 68352K, reserved 1107968K
  class space    used 8487K, capacity 9090K, committed 9216K, reserved 1048576K
}
Event: 343.475 GC heap before
{Heap before GC invocations=89 (full 13):
 PSYoungGen      total 352768K, used 306038K [0x00000000e0000000, 0x0000000100000000, 0x0000000100000000)
  eden space 192000K, 100% used [0x00000000e0000000,0x00000000ebb80000,0x00000000ebb80000)
  from space 160768K, 70% used [0x00000000ebb80000,0x00000000f2addbb0,0x00000000f5880000)
  to   space 164864K, 0% used [0x00000000f5f00000,0x00000000f5f00000,0x0000000100000000)
 ParOldGen       total 796672K, used 679535K [0x00000000a0000000, 0x00000000d0a00000, 0x00000000e0000000)
  object space 796672K, 85% used [0x00000000a0000000,0x00000000c979bc30,0x00000000d0a00000)
 Metaspace       used 64992K, capacity 68141K, committed 68352K, reserved 1107968K
  class space    used 8487K, capacity 9090K, committed 9216K, reserved 1048576K
Event: 343.613 GC heap after
Heap after GC invocations=89 (full 13):
 PSYoungGen      total 339968K, used 142379K [0x00000000e0000000, 0x0000000100000000, 0x0000000100000000)
  eden space 175104K, 0% used [0x00000000e0000000,0x00000000e0000000,0x00000000eab00000)
  from space 164864K, 86% used [0x00000000f5f00000,0x00000000fea0ac50,0x0000000100000000)
  to   space 174592K, 0% used [0x00000000eab00000,0x00000000eab00000,0x00000000f5580000)
 ParOldGen       total 796672K, used 679543K [0x00000000a0000000, 0x00000000d0a00000, 0x00000000e0000000)
  object space 796672K, 85% used [0x00000000a0000000,0x00000000c979dc30,0x00000000d0a00000)
 Metaspace       used 64992K, capacity 68141K, committed 68352K, reserved 1107968K
  class space    used 8487K, capacity 9090K, committed 9216K, reserved 1048576K
}
Event: 343.739 GC heap before
{Heap before GC invocations=90 (full 13):
 PSYoungGen      total 339968K, used 317483K [0x00000000e0000000, 0x0000000100000000, 0x0000000100000000)
  eden space 175104K, 100% used [0x00000000e0000000,0x00000000eab00000,0x00000000eab00000)
  from space 164864K, 86% used [0x00000000f5f00000,0x00000000fea0ac50,0x0000000100000000)
  to   space 174592K, 0% used [0x00000000eab00000,0x00000000eab00000,0x00000000f5580000)
 ParOldGen       total 796672K, used 679543K [0x00000000a0000000, 0x00000000d0a00000, 0x00000000e0000000)
  object space 796672K, 85% used [0x00000000a0000000,0x00000000c979dc30,0x00000000d0a00000)
 Metaspace       used 64992K, capacity 68141K, committed 68352K, reserved 1107968K
  class space    used 8487K, capacity 9090K, committed 9216K, reserved 1048576K

