# JRE version: Java(TM) SE Runtime Environment (8.0_25-b18) (build 1.8.0_25-b18)
# Java VM: Java HotSpot(TM) 64-Bit Server VM (25.25-b02 mixed mode windows-amd64 compressed oops)
Heap:
 PSYoungGen      total 349696K, used 90465K [0x00000000e0000000, 0x0000000100000000, 0x0000000100000000)
  eden space 175104K, 0% used [0x00000000e0000000,0x00000000e0000000,0x00000000eab00000)
  from space 174592K, 51% used [0x00000000eab00000,0x00000000f0358540,0x00000000f5580000)
  to   space 170496K, 0% used [0x00000000f5980000,0x00000000f5980000,0x0000000100000000)
 ParOldGen       total 1048576K, used 990057K [0x00000000a0000000, 0x00000000e0000000, 0x00000000e0000000)
  object space 1048576K, 94% used [0x00000000a0000000,0x00000000dc6da6b0,0x00000000e0000000)
 Metaspace       used 79542K, capacity 81974K, committed 85632K, reserved 1122304K
  class space    used 10386K, capacity 10823K, committed 11904K, reserved 1048576K
GC Heap History (10 events):
Event: 2650.187 GC heap after
Heap after GC invocations=331 (full 25):
 PSYoungGen      total 360960K, used 72240K [0x00000000e0000000, 0x00000000ff480000, 0x0000000100000000)
  eden space 214016K, 0% used [0x00000000e0000000,0x00000000e0000000,0x00000000ed100000)
  from space 146944K, 49% used [0x00000000ed100000,0x00000000f178c260,0x00000000f6080000)
  to   space 140288K, 0% used [0x00000000f6b80000,0x00000000f6b80000,0x00000000ff480000)
 ParOldGen       total 1048576K, used 886800K [0x00000000a0000000, 0x00000000e0000000, 0x00000000e0000000)
  object space 1048576K, 84% used [0x00000000a0000000,0x00000000d6204018,0x00000000e0000000)
 Metaspace       used 79539K, capacity 81974K, committed 85632K, reserved 1122304K
  class space    used 10386K, capacity 10823K, committed 11904K, reserved 1048576K
}
Event: 2650.361 GC heap before
{Heap before GC invocations=332 (full 25):
 PSYoungGen      total 360960K, used 286256K [0x00000000e0000000, 0x00000000ff480000, 0x0000000100000000)
  eden space 214016K, 100% used [0x00000000e0000000,0x00000000ed100000,0x00000000ed100000)
  from space 146944K, 49% used [0x00000000ed100000,0x00000000f178c260,0x00000000f6080000)
  to   space 140288K, 0% used [0x00000000f6b80000,0x00000000f6b80000,0x00000000ff480000)
 ParOldGen       total 1048576K, used 886800K [0x00000000a0000000, 0x00000000e0000000, 0x00000000e0000000)
  object space 1048576K, 84% used [0x00000000a0000000,0x00000000d6204018,0x00000000e0000000)
 Metaspace       used 79539K, capacity 81974K, committed 85632K, reserved 1122304K
  class space    used 10386K, capacity 10823K, committed 11904K, reserved 1048576K
Event: 2650.443 GC heap after
Heap after GC invocations=332 (full 25):
 PSYoungGen      total 366080K, used 104384K [0x00000000e0000000, 0x0000000100000000, 0x0000000100000000)
  eden space 225792K, 0% used [0x00000000e0000000,0x00000000e0000000,0x00000000edc80000)
  from space 140288K, 74% used [0x00000000f6b80000,0x00000000fd170258,0x00000000ff480000)
  to   space 146432K, 0% used [0x00000000edc80000,0x00000000edc80000,0x00000000f6b80000)
 ParOldGen       total 1048576K, used 886800K [0x00000000a0000000, 0x00000000e0000000, 0x00000000e0000000)
  object space 1048576K, 84% used [0x00000000a0000000,0x00000000d6204018,0x00000000e0000000)
 Metaspace       used 79539K, capacity 81974K, committed 85632K, reserved 1122304K
  class space    used 10386K, capacity 10823K, committed 11904K, reserved 1048576K
}
Event: 2650.628 GC heap before
{Heap before GC invocations=333 (full 25):
 PSYoungGen      total 366080K, used 330176K [0x00000000e0000000, 0x0000000100000000, 0x0000000100000000)
  eden space 225792K, 100% used [0x00000000e0000000,0x00000000edc80000,0x00000000edc80000)
  from space 140288K, 74% used [0x00000000f6b80000,0x00000000fd170258,0x00000000ff480000)
  to   space 146432K, 0% used [0x00000000edc80000,0x00000000edc80000,0x00000000f6b80000)
 ParOldGen       total 1048576K, used 886800K [0x00000000a0000000, 0x00000000e0000000, 0x00000000e0000000)
  object space 1048576K, 84% used [0x00000000a0000000,0x00000000d6204018,0x00000000e0000000)
 Metaspace       used 79540K, capacity 81974K, committed 85632K, reserved 1122304K
  class space    used 10386K, capacity 10823K, committed 11904K, reserved 1048576K
Event: 2650.739 GC heap after
Heap after GC invocations=333 (full 25):
 PSYoungGen      total 364032K, used 137984K [0x00000000e0000000, 0x0000000100000000, 0x0000000100000000)
  eden space 225792K, 0% used [0x00000000e0000000,0x00000000e0000000,0x00000000edc80000)
  from space 138240K, 99% used [0x00000000edc80000,0x00000000f6340138,0x00000000f6380000)
  to   space 160256K, 0% used [0x00000000f6380000,0x00000000f6380000,0x0000000100000000)
 ParOldGen       total 1048576K, used 886800K [0x00000000a0000000, 0x00000000e0000000, 0x00000000e0000000)
  object space 1048576K, 84% used [0x00000000a0000000,0x00000000d6204018,0x00000000e0000000)
 Metaspace       used 79540K, capacity 81974K, committed 85632K, reserved 1122304K
  class space    used 10386K, capacity 10823K, committed 11904K, reserved 1048576K
}
Event: 2650.967 GC heap before
{Heap before GC invocations=334 (full 25):
 PSYoungGen      total 364032K, used 363776K [0x00000000e0000000, 0x0000000100000000, 0x0000000100000000)
  eden space 225792K, 100% used [0x00000000e0000000,0x00000000edc80000,0x00000000edc80000)
  from space 138240K, 99% used [0x00000000edc80000,0x00000000f6340138,0x00000000f6380000)
  to   space 160256K, 0% used [0x00000000f6380000,0x00000000f6380000,0x0000000100000000)
 ParOldGen       total 1048576K, used 886800K [0x00000000a0000000, 0x00000000e0000000, 0x00000000e0000000)
  object space 1048576K, 84% used [0x00000000a0000000,0x00000000d6204018,0x00000000e0000000)
 Metaspace       used 79540K, capacity 81974K, committed 85632K, reserved 1122304K
  class space    used 10386K, capacity 10823K, committed 11904K, reserved 1048576K
Event: 2651.102 GC heap after
Heap after GC invocations=334 (full 25):
 PSYoungGen      total 335360K, used 141703K [0x00000000e0000000, 0x0000000100000000, 0x0000000100000000)
  eden space 175104K, 0% used [0x00000000e0000000,0x00000000e0000000,0x00000000eab00000)
  from space 160256K, 88% used [0x00000000f6380000,0x00000000fede1f30,0x0000000100000000)
  to   space 174592K, 0% used [0x00000000eab00000,0x00000000eab00000,0x00000000f5580000)
 ParOldGen       total 1048576K, used 915810K [0x00000000a0000000, 0x00000000e0000000, 0x00000000e0000000)
  object space 1048576K, 87% used [0x00000000a0000000,0x00000000d7e58a38,0x00000000e0000000)
 Metaspace       used 79540K, capacity 81974K, committed 85632K, reserved 1122304K
  class space    used 10386K, capacity 10823K, committed 11904K, reserved 1048576K
}
Event: 2651.237 GC heap before
{Heap before GC invocations=335 (full 25):
 PSYoungGen      total 335360K, used 316807K [0x00000000e0000000, 0x0000000100000000, 0x0000000100000000)
  eden space 175104K, 100% used [0x00000000e0000000,0x00000000eab00000,0x00000000eab00000)
  from space 160256K, 88% used [0x00000000f6380000,0x00000000fede1f30,0x0000000100000000)
  to   space 174592K, 0% used [0x00000000eab00000,0x00000000eab00000,0x00000000f5580000)
 ParOldGen       total 1048576K, used 915810K [0x00000000a0000000, 0x00000000e0000000, 0x00000000e0000000)
  object space 1048576K, 87% used [0x00000000a0000000,0x00000000d7e58a38,0x00000000e0000000)
 Metaspace       used 79542K, capacity 81974K, committed 85632K, reserved 1122304K
  class space    used 10386K, capacity 10823K, committed 11904K, reserved 1048576K
Event: 2651.378 GC heap after
Heap after GC invocations=335 (full 25):
 PSYoungGen      total 349696K, used 90465K [0x00000000e0000000, 0x0000000100000000, 0x0000000100000000)
  eden space 175104K, 0% used [0x00000000e0000000,0x00000000e0000000,0x00000000eab00000)
  from space 174592K, 51% used [0x00000000eab00000,0x00000000f0358540,0x00000000f5580000)
  to   space 170496K, 0% used [0x00000000f5980000,0x00000000f5980000,0x0000000100000000)
 ParOldGen       total 1048576K, used 990057K [0x00000000a0000000, 0x00000000e0000000, 0x00000000e0000000)
  object space 1048576K, 94% used [0x00000000a0000000,0x00000000dc6da6b0,0x00000000e0000000)
 Metaspace       used 79542K, capacity 81974K, committed 85632K, reserved 1122304K
  class space    used 10386K, capacity 10823K, committed 11904K, reserved 1048576K
}
Event: 2651.378 GC heap before
{Heap before GC invocations=336 (full 26):
 PSYoungGen      total 349696K, used 90465K [0x00000000e0000000, 0x0000000100000000, 0x0000000100000000)
  eden space 175104K, 0% used [0x00000000e0000000,0x00000000e0000000,0x00000000eab00000)
  from space 174592K, 51% used [0x00000000eab00000,0x00000000f0358540,0x00000000f5580000)
  to   space 170496K, 0% used [0x00000000f5980000,0x00000000f5980000,0x0000000100000000)
 ParOldGen       total 1048576K, used 990057K [0x00000000a0000000, 0x00000000e0000000, 0x00000000e0000000)
  object space 1048576K, 94% used [0x00000000a0000000,0x00000000dc6da6b0,0x00000000e0000000)
 Metaspace       used 79542K, capacity 81974K, committed 85632K, reserved 1122304K
  class space    used 10386K, capacity 10823K, committed 11904K, reserved 1048576K

